<?xml version="1.0" encoding="UTF-8"?>
<testng-results ignored="0" total="2" passed="2" failed="0" skipped="0">
  <reporter-output>
  </reporter-output>
  <suite started-at="2025-02-18T16:26:51 IST" name="Suite" finished-at="2025-02-18T16:27:16 IST" duration-ms="25017">
    <groups>
      <group name="Master">
        <method signature="TC001_AccountRegistrationTest.VerifyAccountRegistration()[pri:0, instance:testCases.TC001_AccountRegistrationTest@38089a5a]" name="VerifyAccountRegistration" class="testCases.TC001_AccountRegistrationTest"/>
        <method signature="TC002_LoginTest.verify_login()[pri:0, instance:testCases.TC002_LoginTest@13ad5cd3]" name="verify_login" class="testCases.TC002_LoginTest"/>
      </group> <!-- Master -->
      <group name="Sanity">
        <method signature="TC002_LoginTest.verify_login()[pri:0, instance:testCases.TC002_LoginTest@13ad5cd3]" name="verify_login" class="testCases.TC002_LoginTest"/>
      </group> <!-- Sanity -->
      <group name="Regression">
        <method signature="TC001_AccountRegistrationTest.VerifyAccountRegistration()[pri:0, instance:testCases.TC001_AccountRegistrationTest@38089a5a]" name="VerifyAccountRegistration" class="testCases.TC001_AccountRegistrationTest"/>
      </group> <!-- Regression -->
    </groups>
    <test started-at="2025-02-18T16:26:51 IST" name="Test" finished-at="2025-02-18T16:27:16 IST" duration-ms="25017">
      <class name="testCases.TC002_LoginTest">
        <test-method is-config="true" signature="setup(java.lang.String,java.lang.String)[pri:0, instance:testCases.TC002_LoginTest@13ad5cd3]" started-at="2025-02-18T16:27:11 IST" name="setup" finished-at="2025-02-18T16:27:14 IST" duration-ms="3208" status="PASS">
          <params>
            <param index="0">
              <value>
                <![CDATA[windows]]>
              </value>
            </param>
            <param index="1">
              <value>
                <![CDATA[chrome]]>
              </value>
            </param>
          </params>
          <reporter-output>
          </reporter-output>
        </test-method> <!-- setup -->
        <test-method signature="verify_login()[pri:0, instance:testCases.TC002_LoginTest@13ad5cd3]" started-at="2025-02-18T16:27:14 IST" name="verify_login" finished-at="2025-02-18T16:27:15 IST" duration-ms="1111" status="PASS">
          <reporter-output>
          </reporter-output>
        </test-method> <!-- verify_login -->
        <test-method is-config="true" signature="teardown()[pri:0, instance:testCases.TC002_LoginTest@13ad5cd3]" started-at="2025-02-18T16:27:15 IST" name="teardown" finished-at="2025-02-18T16:27:16 IST" duration-ms="160" status="PASS">
          <reporter-output>
          </reporter-output>
        </test-method> <!-- teardown -->
      </class> <!-- testCases.TC002_LoginTest -->
      <class name="testCases.TC001_AccountRegistrationTest">
        <test-method is-config="true" signature="setup(java.lang.String,java.lang.String)[pri:0, instance:testCases.TC001_AccountRegistrationTest@38089a5a]" started-at="2025-02-18T16:26:51 IST" name="setup" finished-at="2025-02-18T16:26:57 IST" duration-ms="6100" status="PASS">
          <params>
            <param index="0">
              <value>
                <![CDATA[windows]]>
              </value>
            </param>
            <param index="1">
              <value>
                <![CDATA[chrome]]>
              </value>
            </param>
          </params>
          <reporter-output>
          </reporter-output>
        </test-method> <!-- setup -->
        <test-method signature="VerifyAccountRegistration()[pri:0, instance:testCases.TC001_AccountRegistrationTest@38089a5a]" started-at="2025-02-18T16:26:57 IST" name="VerifyAccountRegistration" finished-at="2025-02-18T16:27:11 IST" duration-ms="14114" status="PASS">
          <reporter-output>
          </reporter-output>
        </test-method> <!-- VerifyAccountRegistration -->
        <test-method is-config="true" signature="teardown()[pri:0, instance:testCases.TC001_AccountRegistrationTest@38089a5a]" started-at="2025-02-18T16:27:11 IST" name="teardown" finished-at="2025-02-18T16:27:11 IST" duration-ms="138" status="PASS">
          <reporter-output>
          </reporter-output>
        </test-method> <!-- teardown -->
      </class> <!-- testCases.TC001_AccountRegistrationTest -->
    </test> <!-- Test -->
  </suite> <!-- Suite -->
</testng-results>
