<?xml version="1.0" encoding="UTF-8"?>
<testng-results ignored="0" total="2" passed="2" failed="0" skipped="0">
  <reporter-output>
  </reporter-output>
  <suite started-at="2025-02-16T21:50:00 IST" name="Suite" finished-at="2025-02-16T21:50:24 IST" duration-ms="23798">
    <groups>
      <group name="Master">
        <method signature="TC001_AccountRegistrationTest.VerifyAccountRegistration()[pri:0, instance:testCases.TC001_AccountRegistrationTest@59474f18]" name="VerifyAccountRegistration" class="testCases.TC001_AccountRegistrationTest"/>
        <method signature="TC002_LoginTest.verify_login()[pri:0, instance:testCases.TC002_LoginTest@515c6049]" name="verify_login" class="testCases.TC002_LoginTest"/>
      </group> <!-- Master -->
      <group name="Sanity">
        <method signature="TC002_LoginTest.verify_login()[pri:0, instance:testCases.TC002_LoginTest@515c6049]" name="verify_login" class="testCases.TC002_LoginTest"/>
      </group> <!-- Sanity -->
      <group name="Regression">
        <method signature="TC001_AccountRegistrationTest.VerifyAccountRegistration()[pri:0, instance:testCases.TC001_AccountRegistrationTest@59474f18]" name="VerifyAccountRegistration" class="testCases.TC001_AccountRegistrationTest"/>
      </group> <!-- Regression -->
    </groups>
    <test started-at="2025-02-16T21:50:00 IST" name="Test" finished-at="2025-02-16T21:50:24 IST" duration-ms="23798">
      <class name="testCases.TC002_LoginTest">
        <test-method is-config="true" signature="setup(java.lang.String,java.lang.String)[pri:0, instance:testCases.TC002_LoginTest@515c6049]" started-at="2025-02-16T21:50:19 IST" name="setup" finished-at="2025-02-16T21:50:23 IST" duration-ms="3261" status="PASS">
          <params>
            <param index="0">
              <value>
                <![CDATA[windows]]>
              </value>
            </param>
            <param index="1">
              <value>
                <![CDATA[chrome]]>
              </value>
            </param>
          </params>
          <reporter-output>
          </reporter-output>
        </test-method> <!-- setup -->
        <test-method signature="verify_login()[pri:0, instance:testCases.TC002_LoginTest@515c6049]" started-at="2025-02-16T21:50:23 IST" name="verify_login" finished-at="2025-02-16T21:50:24 IST" duration-ms="1022" status="PASS">
          <reporter-output>
          </reporter-output>
        </test-method> <!-- verify_login -->
        <test-method is-config="true" signature="teardown()[pri:0, instance:testCases.TC002_LoginTest@515c6049]" started-at="2025-02-16T21:50:24 IST" name="teardown" finished-at="2025-02-16T21:50:24 IST" duration-ms="134" status="PASS">
          <reporter-output>
          </reporter-output>
        </test-method> <!-- teardown -->
      </class> <!-- testCases.TC002_LoginTest -->
      <class name="testCases.TC001_AccountRegistrationTest">
        <test-method is-config="true" signature="setup(java.lang.String,java.lang.String)[pri:0, instance:testCases.TC001_AccountRegistrationTest@59474f18]" started-at="2025-02-16T21:50:00 IST" name="setup" finished-at="2025-02-16T21:50:05 IST" duration-ms="4591" status="PASS">
          <params>
            <param index="0">
              <value>
                <![CDATA[windows]]>
              </value>
            </param>
            <param index="1">
              <value>
                <![CDATA[chrome]]>
              </value>
            </param>
          </params>
          <reporter-output>
          </reporter-output>
        </test-method> <!-- setup -->
        <test-method signature="VerifyAccountRegistration()[pri:0, instance:testCases.TC001_AccountRegistrationTest@59474f18]" started-at="2025-02-16T21:50:05 IST" name="VerifyAccountRegistration" finished-at="2025-02-16T21:50:19 IST" duration-ms="14422" status="PASS">
          <reporter-output>
          </reporter-output>
        </test-method> <!-- VerifyAccountRegistration -->
        <test-method is-config="true" signature="teardown()[pri:0, instance:testCases.TC001_AccountRegistrationTest@59474f18]" started-at="2025-02-16T21:50:19 IST" name="teardown" finished-at="2025-02-16T21:50:19 IST" duration-ms="142" status="PASS">
          <reporter-output>
          </reporter-output>
        </test-method> <!-- teardown -->
      </class> <!-- testCases.TC001_AccountRegistrationTest -->
    </test> <!-- Test -->
  </suite> <!-- Suite -->
</testng-results>
